<?xml version="1.0" encoding="UTF-8" ?>
<testsuite tests="1" failures="0" name="revolut.moneyTransfer.TransactionTest" time="3.575" errors="1" skipped="0">
  <properties>
    <property name="java.runtime.name" value="Java(TM) SE Runtime Environment"/>
    <property name="sun.boot.library.path" value="/Library/Java/JavaVirtualMachines/jdk1.8.0_171.jdk/Contents/Home/jre/lib"/>
    <property name="java.vm.version" value="25.171-b11"/>
    <property name="gopherProxySet" value="false"/>
    <property name="java.vm.vendor" value="Oracle Corporation"/>
    <property name="maven.multiModuleProjectDirectory" value="/Users/emanoelamoselli/Documents/workspace2/moneyTransfer"/>
    <property name="java.vendor.url" value="http://java.oracle.com/"/>
    <property name="path.separator" value=":"/>
    <property name="guice.disable.misplaced.annotation.check" value="true"/>
    <property name="java.vm.name" value="Java HotSpot(TM) 64-Bit Server VM"/>
    <property name="file.encoding.pkg" value="sun.io"/>
    <property name="user.country" value="BR"/>
    <property name="sun.java.launcher" value="SUN_STANDARD"/>
    <property name="sun.os.patch.level" value="unknown"/>
    <property name="java.vm.specification.name" value="Java Virtual Machine Specification"/>
    <property name="user.dir" value="/Users/emanoelamoselli/Documents/workspace2/moneyTransfer"/>
    <property name="java.runtime.version" value="1.8.0_171-b11"/>
    <property name="java.awt.graphicsenv" value="sun.awt.CGraphicsEnvironment"/>
    <property name="java.endorsed.dirs" value="/Library/Java/JavaVirtualMachines/jdk1.8.0_171.jdk/Contents/Home/jre/lib/endorsed"/>
    <property name="os.arch" value="x86_64"/>
    <property name="java.io.tmpdir" value="/var/folders/kq/5736h2fx2592_rnvn9m97d2c0000gn/T/"/>
    <property name="line.separator" value="
"/>
    <property name="java.vm.specification.vendor" value="Oracle Corporation"/>
    <property name="os.name" value="Mac OS X"/>
    <property name="classworlds.conf" value="/Users/emanoelamoselli/Downloads/apache-maven-3.5.4/bin/m2.conf"/>
    <property name="sun.jnu.encoding" value="UTF-8"/>
    <property name="java.library.path" value="/Users/emanoelamoselli/Library/Java/Extensions:/Library/Java/Extensions:/Network/Library/Java/Extensions:/System/Library/Java/Extensions:/usr/lib/java:."/>
    <property name="maven.conf" value="/Users/emanoelamoselli/Downloads/apache-maven-3.5.4/conf"/>
    <property name="java.specification.name" value="Java Platform API Specification"/>
    <property name="java.class.version" value="52.0"/>
    <property name="sun.management.compiler" value="HotSpot 64-Bit Tiered Compilers"/>
    <property name="os.version" value="10.13.6"/>
    <property name="library.jansi.path" value="/Users/emanoelamoselli/Downloads/apache-maven-3.5.4/lib/jansi-native"/>
    <property name="http.nonProxyHosts" value="local|*.local|169.254/16|*.169.254/16"/>
    <property name="user.home" value="/Users/emanoelamoselli"/>
    <property name="user.timezone" value="Europe/Warsaw"/>
    <property name="java.awt.printerjob" value="sun.lwawt.macosx.CPrinterJob"/>
    <property name="java.specification.version" value="1.8"/>
    <property name="file.encoding" value="UTF-8"/>
    <property name="user.name" value="emanoelamoselli"/>
    <property name="java.class.path" value="/Users/emanoelamoselli/Downloads/apache-maven-3.5.4/boot/plexus-classworlds-2.5.2.jar"/>
    <property name="java.vm.specification.version" value="1.8"/>
    <property name="sun.arch.data.model" value="64"/>
    <property name="java.home" value="/Library/Java/JavaVirtualMachines/jdk1.8.0_171.jdk/Contents/Home/jre"/>
    <property name="sun.java.command" value="org.codehaus.plexus.classworlds.launcher.Launcher -e clean install tomee:run"/>
    <property name="java.specification.vendor" value="Oracle Corporation"/>
    <property name="user.language" value="pt"/>
    <property name="awt.toolkit" value="sun.lwawt.macosx.LWCToolkit"/>
    <property name="java.vm.info" value="mixed mode"/>
    <property name="java.version" value="1.8.0_171"/>
    <property name="java.ext.dirs" value="/Users/emanoelamoselli/Library/Java/Extensions:/Library/Java/JavaVirtualMachines/jdk1.8.0_171.jdk/Contents/Home/jre/lib/ext:/Library/Java/Extensions:/Network/Library/Java/Extensions:/System/Library/Java/Extensions:/usr/lib/java"/>
    <property name="sun.boot.class.path" value="/Library/Java/JavaVirtualMachines/jdk1.8.0_171.jdk/Contents/Home/jre/lib/resources.jar:/Library/Java/JavaVirtualMachines/jdk1.8.0_171.jdk/Contents/Home/jre/lib/rt.jar:/Library/Java/JavaVirtualMachines/jdk1.8.0_171.jdk/Contents/Home/jre/lib/sunrsasign.jar:/Library/Java/JavaVirtualMachines/jdk1.8.0_171.jdk/Contents/Home/jre/lib/jsse.jar:/Library/Java/JavaVirtualMachines/jdk1.8.0_171.jdk/Contents/Home/jre/lib/jce.jar:/Library/Java/JavaVirtualMachines/jdk1.8.0_171.jdk/Contents/Home/jre/lib/charsets.jar:/Library/Java/JavaVirtualMachines/jdk1.8.0_171.jdk/Contents/Home/jre/lib/jfr.jar:/Library/Java/JavaVirtualMachines/jdk1.8.0_171.jdk/Contents/Home/jre/classes"/>
    <property name="java.vendor" value="Oracle Corporation"/>
    <property name="maven.home" value="/Users/emanoelamoselli/Downloads/apache-maven-3.5.4"/>
    <property name="file.separator" value="/"/>
    <property name="java.vendor.url.bug" value="http://bugreport.sun.com/bugreport/"/>
    <property name="sun.cpu.endian" value="little"/>
    <property name="sun.io.unicode.encoding" value="UnicodeBig"/>
    <property name="socksNonProxyHosts" value="local|*.local|169.254/16|*.169.254/16"/>
    <property name="ftp.nonProxyHosts" value="local|*.local|169.254/16|*.169.254/16"/>
    <property name="sun.cpu.isalist" value=""/>
  </properties>
  <testcase classname="revolut.moneyTransfer.TransactionTest" name="revolut.moneyTransfer.TransactionTest" time="3.575">
    <error message="javax.persistence.PersistenceContext.synchronization()Ljavax/persistence/SynchronizationType;" type="java.lang.NoSuchMethodError">java.lang.NoSuchMethodError: javax.persistence.PersistenceContext.synchronization()Ljavax/persistence/SynchronizationType;
	at org.apache.openejb.config.PersistenceContextAnnFactory$DirectPersistenceContext.synchronization(PersistenceContextAnnFactory.java:118)
	at org.apache.openejb.config.AnnotationDeployer$ProcessAnnotatedBeans.buildPersistenceContext(AnnotationDeployer.java:4666)
	at org.apache.openejb.config.AnnotationDeployer$ProcessAnnotatedBeans.buildAnnotatedRefs(AnnotationDeployer.java:4034)
	at org.apache.openejb.config.AnnotationDeployer$ProcessAnnotatedBeans.deploy(AnnotationDeployer.java:2953)
	at org.apache.openejb.config.AnnotationDeployer$ProcessAnnotatedBeans.deploy(AnnotationDeployer.java:2000)
	at org.apache.openejb.config.AnnotationDeployer.deploy(AnnotationDeployer.java:384)
	at org.apache.openejb.config.ConfigurationFactory$Chain.deploy(ConfigurationFactory.java:420)
	at org.apache.openejb.config.ConfigurationFactory.configureApplication(ConfigurationFactory.java:1037)
	at org.apache.openejb.OpenEjbContainer$Provider.createEJBContainer(OpenEjbContainer.java:322)
	at javax.ejb.embeddable.EJBContainer.createEJBContainer(EJBContainer.java:56)
	at revolut.moneyTransfer.TransactionTest.getServices(TransactionTest.java:37)
	at sun.reflect.NativeMethodAccessorImpl.invoke0(Native Method)
	at sun.reflect.NativeMethodAccessorImpl.invoke(NativeMethodAccessorImpl.java:62)
	at sun.reflect.DelegatingMethodAccessorImpl.invoke(DelegatingMethodAccessorImpl.java:43)
	at java.lang.reflect.Method.invoke(Method.java:498)
	at org.junit.runners.model.FrameworkMethod$1.runReflectiveCall(FrameworkMethod.java:50)
	at org.junit.internal.runners.model.ReflectiveCallable.run(ReflectiveCallable.java:12)
	at org.junit.runners.model.FrameworkMethod.invokeExplosively(FrameworkMethod.java:47)
	at org.junit.internal.runners.statements.RunBefores.evaluate(RunBefores.java:24)
	at org.junit.runners.ParentRunner.run(ParentRunner.java:363)
	at org.apache.maven.surefire.junit4.JUnit4Provider.execute(JUnit4Provider.java:252)
	at org.apache.maven.surefire.junit4.JUnit4Provider.executeTestSet(JUnit4Provider.java:141)
	at org.apache.maven.surefire.junit4.JUnit4Provider.invoke(JUnit4Provider.java:112)
	at sun.reflect.NativeMethodAccessorImpl.invoke0(Native Method)
	at sun.reflect.NativeMethodAccessorImpl.invoke(NativeMethodAccessorImpl.java:62)
	at sun.reflect.DelegatingMethodAccessorImpl.invoke(DelegatingMethodAccessorImpl.java:43)
	at java.lang.reflect.Method.invoke(Method.java:498)
	at org.apache.maven.surefire.util.ReflectionUtils.invokeMethodWithArray(ReflectionUtils.java:189)
	at org.apache.maven.surefire.booter.ProviderFactory$ProviderProxy.invoke(ProviderFactory.java:165)
	at org.apache.maven.surefire.booter.ProviderFactory.invokeProvider(ProviderFactory.java:85)
	at org.apache.maven.surefire.booter.ForkedBooter.runSuitesInProcess(ForkedBooter.java:115)
	at org.apache.maven.surefire.booter.ForkedBooter.main(ForkedBooter.java:75)
</error>
    <system-out>INFORMAÇÕES - ********************************************************************************
INFORMAÇÕES - OpenEJB http://tomee.apache.org/
INFORMAÇÕES - Startup: Wed Oct 10 10:21:26 CEST 2018
INFORMAÇÕES - Copyright 1999-2018 (C) Apache OpenEJB Project, All Rights Reserved.
INFORMAÇÕES - Version: 7.1.0
INFORMAÇÕES - Build date: 20180902
INFORMAÇÕES - Build time: 09:50
INFORMAÇÕES - ********************************************************************************
INFORMAÇÕES - openejb.home = /Users/emanoelamoselli/Documents/workspace2/moneyTransfer
INFORMAÇÕES - openejb.base = /Users/emanoelamoselli/Documents/workspace2/moneyTransfer
INFORMAÇÕES - Created new singletonService org.apache.openejb.cdi.ThreadSingletonServiceImpl@3108bc
INFORMAÇÕES - Succeeded in installing singleton service
INFORMAÇÕES - Using &apos;javax.ejb.embeddable.EJBContainer=true&apos;
INFORMAÇÕES - Cannot find the configuration file [conf/openejb.xml].  Will attempt to create one for the beans deployed.
INFORMAÇÕES - Configuring Service(id=Default Security Service, type=SecurityService, provider-id=Default Security Service)
INFORMAÇÕES - Configuring Service(id=Default Transaction Manager, type=TransactionManager, provider-id=Default Transaction Manager)
INFORMAÇÕES - Configuring Service(id=h2DataBase, type=Resource, provider-id=Default JDBC Database)
INFORMAÇÕES - Creating TransactionManager(id=Default Transaction Manager)
INFORMAÇÕES - Creating SecurityService(id=Default Security Service)
INFORMAÇÕES - Creating Resource(id=h2DataBase)
INFORMAÇÕES - Found EjbModule in classpath: /Users/emanoelamoselli/Documents/workspace2/moneyTransfer/target/classes
INFORMAÇÕES - Beginning load: /Users/emanoelamoselli/Documents/workspace2/moneyTransfer/target/classes
INFORMAÇÕES - Configuring enterprise application: /Users/emanoelamoselli/Documents/workspace2/moneyTransfer
INFORMAÇÕES - Closing DataSource: h2DataBase
</system-out>
  </testcase>
</testsuite>